Start testing: Nov 27 11:10 EST
----------------------------------------------------------
1/1 Testing: ArrayTests
1/1 Test: ArrayTests
Command: "/home/jordan/Helix/cmake-build-debug/test_array"
Directory: /home/jordan/Helix/cmake-build-debug
"ArrayTests" start time: Nov 27 11:10 EST
Output:
----------------------------------------------------------


     CUnit - A unit testing framework for C - Version 2.1-3
     http://cunit.sourceforge.net/


Suite: Array_T Tests
  Test: test of Array_new() ...passed
  Test: test of Array_get() and Array_put() ...passed
  Test: test of Array_resize() ...passed
  Test: test of Array_copy() ...passed

Run Summary:    Type  Total    Ran Passed Failed Inactive
              suites      1      1    n/a      0        0
               tests      4      4      4      0        0
             asserts     15     15     15      0      n/a

Elapsed time =    0.000 seconds
<end of output>
Test time =   0.00 sec
----------------------------------------------------------
Test Passed.
"ArrayTests" end time: Nov 27 11:10 EST
"ArrayTests" time elapsed: 00:00:00
----------------------------------------------------------

End testing: Nov 27 11:10 EST
